{"level":"info","message":"POST /api/auth/register"}
{"level":"info","message":"POST /api/auth/signup"}
{"level":"info","message":"POST /api/auth/signup"}
{"level":"info","message":"POST /api/auth/signup"}
{"level":"info","message":"POST /api/auth/login"}
{"level":"info","message":"POST /api/auth/login"}
{"level":"info","message":"POST /api/auth/login"}
{"level":"info","message":"POST /api/colleges"}
{"level":"info","message":"POST /api/auth/login"}
{"level":"info","message":"POST /api/colleges"}
{"level":"info","message":"POST /api/colleges"}
{"level":"info","message":"POST /api/colleges"}
{"level":"info","message":"POST /api/colleges"}
{"level":"info","message":"POST /api/colleges"}
{"level":"info","message":"POST /api/colleges"}
{"level":"info","message":"POST /api/colleges"}
{"level":"info","message":"POST /api/auth/login"}
{"level":"info","message":"POST /api/colleges"}
{"level":"info","message":"POST /api/colleges"}
{"level":"info","message":"POST /api/colleges/67b4a229d166158c8501d6a8/courses"}
{"level":"info","message":"POST /api/colleges/:67b4a229d166158c8501d6a8/courses"}
{"level":"info","message":"POST /api/colleges/67b4a229d166158c8501d6a8/courses"}
{"level":"info","message":"POST /api/colleges/67b4a229d166158c8501d6a8/courses"}
{"level":"info","message":"POST /api/colleges/"}
{"level":"info","message":"POST /api/colleges/67b4a353d166158c8501d6b3/courses"}
{"level":"info","message":"POST /api/colleges/%2267b4a353d166158c8501d6b3%22/courses"}
{"level":"info","message":"POST /api/colleges/67b4a353d166158c8501d6b3/courses"}
{"level":"info","message":"POST /api/colleges/67b4a353d166158c8501d6b3/"}
{"level":"info","message":"POST /api/colleges/67b4a353d166158c8501d6b3/courses"}
{"level":"info","message":"GET /api/colleges/67b4a353d166158c8501d6b3"}
{"level":"info","message":"POST /api/colleges/67b4a353d166158c8501d6b3/courses"}
{"level":"info","message":"POST /api/colleges/67b4a353d166158c8501d6b3/courses"}
{"level":"info","message":"POST /api/colleges/67b4a353d166158c8501d6b3/courses"}
{"level":"info","message":"POST /api/colleges/67b4a353d166158c8501d6b3/courses"}
{"level":"info","message":"POST /api/colleges/67b4a353d166158c8501d6b3/courses"}
{"level":"info","message":"POST /api/colleges/67b4a353d166158c8501d6b3/courses"}
{"level":"info","message":"POST /api/colleges/67b4a353d166158c8501d6b3/courses"}
{"level":"info","message":"POST /api/colleges/67b4a353d166158c8501d6b3/courses"}
{"level":"info","message":"POST /api/auth/login"}
{"level":"info","message":"POST /api/auth/"}
{"level":"info","message":"POST /api/colleges"}
{"level":"info","message":"POST /api/colleges/67b4b14509946ebfec476527/courses"}
{"level":"info","message":"POST /api/colleges/67b4b14509946ebfec476527/courses"}
{"level":"info","message":"POST /api/colleges/67b4b14509946ebfec476527/courses"}
